<?xml version="1.0" encoding="UTF-8"?>
<testsuite xmlns:xsi="http://www.w3.org/2001/XMLSchema-instance" xsi:noNamespaceSchemaLocation="https://maven.apache.org/surefire/maven-surefire-plugin/xsd/surefire-test-report-3.0.xsd" version="3.0" name="com.norwood.AppTest" time="0.132" tests="3" errors="0" skipped="0" failures="0">
  <properties>
    <property name="java.specification.version" value="21"/>
    <property name="sun.jnu.encoding" value="UTF-8"/>
    <property name="java.class.path" value="/home/alice/projects/chatty/target/test-classes:/home/alice/projects/chatty/target/classes:/home/alice/.m2/repository/org/projectlombok/lombok/1.18.36/lombok-1.18.36.jar:/home/alice/.m2/repository/org/junit/jupiter/junit-jupiter-api/5.10.2/junit-jupiter-api-5.10.2.jar:/home/alice/.m2/repository/org/opentest4j/opentest4j/1.3.0/opentest4j-1.3.0.jar:/home/alice/.m2/repository/org/junit/platform/junit-platform-commons/1.10.2/junit-platform-commons-1.10.2.jar:/home/alice/.m2/repository/org/apiguardian/apiguardian-api/1.1.2/apiguardian-api-1.1.2.jar:/home/alice/.m2/repository/org/junit/jupiter/junit-jupiter-engine/5.10.2/junit-jupiter-engine-5.10.2.jar:/home/alice/.m2/repository/org/junit/platform/junit-platform-engine/1.10.2/junit-platform-engine-1.10.2.jar:"/>
    <property name="java.vm.vendor" value="Ubuntu"/>
    <property name="sun.arch.data.model" value="64"/>
    <property name="java.vendor.url" value="https://ubuntu.com/"/>
    <property name="user.timezone" value="America/New_York"/>
    <property name="os.name" value="Linux"/>
    <property name="java.vm.specification.version" value="21"/>
    <property name="sun.java.launcher" value="SUN_STANDARD"/>
    <property name="user.country" value="US"/>
    <property name="sun.boot.library.path" value="/usr/lib/jvm/java-21-openjdk-amd64/lib"/>
    <property name="sun.java.command" value="/home/alice/projects/chatty/target/surefire/surefirebooter-20250315215702047_3.jar /home/alice/projects/chatty/target/surefire 2025-03-15T21-57-01_993-jvmRun1 surefire-20250315215702047_1tmp surefire_0-20250315215702047_2tmp"/>
    <property name="jdk.debug" value="release"/>
    <property name="surefire.test.class.path" value="/home/alice/projects/chatty/target/test-classes:/home/alice/projects/chatty/target/classes:/home/alice/.m2/repository/org/projectlombok/lombok/1.18.36/lombok-1.18.36.jar:/home/alice/.m2/repository/org/junit/jupiter/junit-jupiter-api/5.10.2/junit-jupiter-api-5.10.2.jar:/home/alice/.m2/repository/org/opentest4j/opentest4j/1.3.0/opentest4j-1.3.0.jar:/home/alice/.m2/repository/org/junit/platform/junit-platform-commons/1.10.2/junit-platform-commons-1.10.2.jar:/home/alice/.m2/repository/org/apiguardian/apiguardian-api/1.1.2/apiguardian-api-1.1.2.jar:/home/alice/.m2/repository/org/junit/jupiter/junit-jupiter-engine/5.10.2/junit-jupiter-engine-5.10.2.jar:/home/alice/.m2/repository/org/junit/platform/junit-platform-engine/1.10.2/junit-platform-engine-1.10.2.jar:"/>
    <property name="sun.cpu.endian" value="little"/>
    <property name="user.home" value="/home/alice"/>
    <property name="user.language" value="en"/>
    <property name="java.specification.vendor" value="Oracle Corporation"/>
    <property name="java.version.date" value="2025-01-21"/>
    <property name="java.home" value="/usr/lib/jvm/java-21-openjdk-amd64"/>
    <property name="file.separator" value="/"/>
    <property name="basedir" value="/home/alice/projects/chatty"/>
    <property name="java.vm.compressedOopsMode" value="Zero based"/>
    <property name="line.separator" value="&#10;"/>
    <property name="java.specification.name" value="Java Platform API Specification"/>
    <property name="java.vm.specification.vendor" value="Oracle Corporation"/>
    <property name="surefire.real.class.path" value="/home/alice/projects/chatty/target/surefire/surefirebooter-20250315215702047_3.jar"/>
    <property name="sun.management.compiler" value="HotSpot 64-Bit Tiered Compilers"/>
    <property name="java.runtime.version" value="21.0.6+7-Ubuntu-124.04.1"/>
    <property name="user.name" value="alice"/>
    <property name="stdout.encoding" value="UTF-8"/>
    <property name="path.separator" value=":"/>
    <property name="os.version" value="6.11.0-19-generic"/>
    <property name="java.runtime.name" value="OpenJDK Runtime Environment"/>
    <property name="file.encoding" value="UTF-8"/>
    <property name="java.vm.name" value="OpenJDK 64-Bit Server VM"/>
    <property name="localRepository" value="/home/alice/.m2/repository"/>
    <property name="java.vendor.url.bug" value="https://bugs.launchpad.net/ubuntu/+source/openjdk-21"/>
    <property name="java.io.tmpdir" value="/tmp"/>
    <property name="java.version" value="21.0.6"/>
    <property name="user.dir" value="/home/alice/projects/chatty"/>
    <property name="os.arch" value="amd64"/>
    <property name="java.vm.specification.name" value="Java Virtual Machine Specification"/>
    <property name="native.encoding" value="UTF-8"/>
    <property name="java.library.path" value="/usr/java/packages/lib:/usr/lib/x86_64-linux-gnu/jni:/lib/x86_64-linux-gnu:/usr/lib/x86_64-linux-gnu:/usr/lib/jni:/lib:/usr/lib"/>
    <property name="java.vm.info" value="mixed mode, sharing"/>
    <property name="stderr.encoding" value="UTF-8"/>
    <property name="java.vendor" value="Ubuntu"/>
    <property name="java.vm.version" value="21.0.6+7-Ubuntu-124.04.1"/>
    <property name="sun.io.unicode.encoding" value="UnicodeLittle"/>
    <property name="java.class.version" value="65.0"/>
  </properties>
  <testcase name="testJoinRoom" classname="com.norwood.AppTest" time="0.068">
    <system-out><![CDATA[Record[timestamp=03/15/2025/21:02:338, user=Server, context=Server, content=Started server. Listening to 8001]
Record[timestamp=03/15/2025/21:02:342, user=Server, context=Server, content=New connection from a client: /127.0.0.1:37634]
Record[timestamp=03/15/2025/21:02:342, user=Server, context=Server, content=New connection from a client: /127.0.0.1:37636]
Record[timestamp=03/15/2025/21:02:343, user=Server, context=Server, content=New connection from a client: /127.0.0.1:37638]
Record[timestamp=03/15/2025/21:02:343, user=Server, context=Server, content=User Bob registered]
Record[timestamp=03/15/2025/21:02:343, user=Server, context=Server, content=User Alice registered]
Record[timestamp=03/15/2025/21:02:343, user=Server, context=Server, content=User Eve registered]
Record[timestamp=03/15/2025/21:02:344, user=Server, context=Server, content=Bob has created 0 rooms]
Record[timestamp=03/15/2025/21:02:344, user=Server, context=Server, content=Eve has created 0 rooms]
Record[timestamp=03/15/2025/21:02:344, user=Server, context=Server, content=Alice has created 0 rooms]
Record[timestamp=03/15/2025/21:02:344, user=Server, context=Server, content=Created room!]
Record[timestamp=03/15/2025/21:02:344, user=Server, context=Server, content=Created room!]
Record[timestamp=03/15/2025/21:02:344, user=Server, context=Server, content=Created room!]
Record[timestamp=03/15/2025/21:02:344, user=Bob, context=Room1, content=Hi everyone from Bob!]
Record[timestamp=03/15/2025/21:02:344, user=Server, context=Server, content=Error while reading or writing from a socket.]
Record[timestamp=03/15/2025/21:02:344, user=Server, context=Server, content=No value present]
]]></system-out>
  </testcase>
  <testcase name="test" classname="com.norwood.AppTest" time="0.032"/>
  <testcase name="testManyClients" classname="com.norwood.AppTest" time="0.017"/>
</testsuite>